08:29:16.689 Api Request Received: messageType:GetStepValueRequest messageId:4 stepValueRequest:<stepText:"Go to Gauge Get Started Page" hasInlineTable:false > 
08:29:16.689 Sending API response: messageType:GetStepValueResponse messageId:4 stepValueResponse:<stepValue:<stepValue:"Go to Gauge Get Started Page" parameterizedStepValue:"Go to Gauge Get Started Page" > > 
08:29:16.694 Api Request Received: messageType:GetStepValueRequest messageId:4 stepValueRequest:<stepText:"Navigate to <url>" hasInlineTable:false > 
08:29:16.694 Sending API response: messageType:GetStepValueResponse messageId:4 stepValueResponse:<stepValue:<stepValue:"Navigate to {}" parameterizedStepValue:"Navigate to <url>" parameters:"url" > > 
08:30:59.939 Api Request Received: messageType:GetStepValueRequest messageId:4 stepValueRequest:<stepText:"Go to Gauge Get Started Page" hasInlineTable:false > 
08:30:59.940 Sending API response: messageType:GetStepValueResponse messageId:4 stepValueResponse:<stepValue:<stepValue:"Go to Gauge Get Started Page" parameterizedStepValue:"Go to Gauge Get Started Page" > > 
08:30:59.948 Api Request Received: messageType:GetStepValueRequest messageId:4 stepValueRequest:<stepText:"Navigate to <url>" hasInlineTable:false > 
08:30:59.948 Sending API response: messageType:GetStepValueResponse messageId:4 stepValueResponse:<stepValue:<stepValue:"Navigate to {}" parameterizedStepValue:"Navigate to <url>" parameters:"url" > > 
08:32:34.557 Api Request Received: messageType:GetStepValueRequest messageId:4 stepValueRequest:<stepText:"Go to Gauge Get Started Page" hasInlineTable:false > 
08:32:34.557 Sending API response: messageType:GetStepValueResponse messageId:4 stepValueResponse:<stepValue:<stepValue:"Go to Gauge Get Started Page" parameterizedStepValue:"Go to Gauge Get Started Page" > > 
08:32:34.564 Api Request Received: messageType:GetStepValueRequest messageId:4 stepValueRequest:<stepText:"Navigate to <url>" hasInlineTable:false > 
08:32:34.564 Sending API response: messageType:GetStepValueResponse messageId:4 stepValueResponse:<stepValue:<stepValue:"Navigate to {}" parameterizedStepValue:"Navigate to <url>" parameters:"url" > > 
08:33:12.714 Api Request Received: messageType:GetStepValueRequest messageId:4 stepValueRequest:<stepText:"Go to Gauge Get Started Page" hasInlineTable:false > 
08:33:12.714 Sending API response: messageType:GetStepValueResponse messageId:4 stepValueResponse:<stepValue:<stepValue:"Go to Gauge Get Started Page" parameterizedStepValue:"Go to Gauge Get Started Page" > > 
08:33:12.722 Api Request Received: messageType:GetStepValueRequest messageId:4 stepValueRequest:<stepText:"Navigate to <url>" hasInlineTable:false > 
08:33:12.722 Sending API response: messageType:GetStepValueResponse messageId:4 stepValueResponse:<stepValue:<stepValue:"Navigate to {}" parameterizedStepValue:"Navigate to <url>" parameters:"url" > > 
08:41:46.067 Api Request Received: messageType:GetStepValueRequest messageId:4 stepValueRequest:<stepText:"Go to Gauge Get Started Page" hasInlineTable:false > 
08:41:46.067 Sending API response: messageType:GetStepValueResponse messageId:4 stepValueResponse:<stepValue:<stepValue:"Go to Gauge Get Started Page" parameterizedStepValue:"Go to Gauge Get Started Page" > > 
08:41:46.072 Api Request Received: messageType:GetStepValueRequest messageId:4 stepValueRequest:<stepText:"Navigate to <url>" hasInlineTable:false > 
08:41:46.072 Sending API response: messageType:GetStepValueResponse messageId:4 stepValueResponse:<stepValue:<stepValue:"Navigate to {}" parameterizedStepValue:"Navigate to <url>" parameters:"url" > > 
08:43:44.193 Api Request Received: messageType:GetStepValueRequest messageId:4 stepValueRequest:<stepText:"Go to Gauge Get Started Page" hasInlineTable:false > 
08:43:44.194 Sending API response: messageType:GetStepValueResponse messageId:4 stepValueResponse:<stepValue:<stepValue:"Go to Gauge Get Started Page" parameterizedStepValue:"Go to Gauge Get Started Page" > > 
08:43:44.201 Api Request Received: messageType:GetStepValueRequest messageId:4 stepValueRequest:<stepText:"Navigate to <url>" hasInlineTable:false > 
08:43:44.202 Sending API response: messageType:GetStepValueResponse messageId:4 stepValueResponse:<stepValue:<stepValue:"Navigate to {}" parameterizedStepValue:"Navigate to <url>" parameters:"url" > > 
08:44:44.695 Api Request Received: messageType:GetStepValueRequest messageId:4 stepValueRequest:<stepText:"Go to Gauge Get Started Page" hasInlineTable:false > 
08:44:44.696 Sending API response: messageType:GetStepValueResponse messageId:4 stepValueResponse:<stepValue:<stepValue:"Go to Gauge Get Started Page" parameterizedStepValue:"Go to Gauge Get Started Page" > > 
08:44:44.701 Api Request Received: messageType:GetStepValueRequest messageId:4 stepValueRequest:<stepText:"Navigate to <url>" hasInlineTable:false > 
08:44:44.702 Sending API response: messageType:GetStepValueResponse messageId:4 stepValueResponse:<stepValue:<stepValue:"Navigate to {}" parameterizedStepValue:"Navigate to <url>" parameters:"url" > > 
08:49:05.103 Api Request Received: messageType:GetStepValueRequest messageId:4 stepValueRequest:<stepText:"Go to Gauge Get Started Page" hasInlineTable:false > 
08:49:05.104 Sending API response: messageType:GetStepValueResponse messageId:4 stepValueResponse:<stepValue:<stepValue:"Go to Gauge Get Started Page" parameterizedStepValue:"Go to Gauge Get Started Page" > > 
08:49:05.114 Api Request Received: messageType:GetStepValueRequest messageId:4 stepValueRequest:<stepText:"Navigate to <url>" hasInlineTable:false > 
08:49:05.115 Sending API response: messageType:GetStepValueResponse messageId:4 stepValueResponse:<stepValue:<stepValue:"Navigate to {}" parameterizedStepValue:"Navigate to <url>" parameters:"url" > > 
09:01:01.221 Api Request Received: messageType:GetStepValueRequest messageId:4 stepValueRequest:<stepText:"Go to Gauge Get Started Page" hasInlineTable:false > 
09:01:01.221 Sending API response: messageType:GetStepValueResponse messageId:4 stepValueResponse:<stepValue:<stepValue:"Go to Gauge Get Started Page" parameterizedStepValue:"Go to Gauge Get Started Page" > > 
09:01:01.228 Api Request Received: messageType:GetStepValueRequest messageId:4 stepValueRequest:<stepText:"Go to Gauge Documentation" hasInlineTable:false > 
09:01:01.228 Sending API response: messageType:GetStepValueResponse messageId:4 stepValueResponse:<stepValue:<stepValue:"Go to Gauge Documentation" parameterizedStepValue:"Go to Gauge Documentation" > > 
09:01:01.229 Api Request Received: messageType:GetStepValueRequest messageId:4 stepValueRequest:<stepText:"Navigate to <url>" hasInlineTable:false > 
09:01:01.229 Sending API response: messageType:GetStepValueResponse messageId:4 stepValueResponse:<stepValue:<stepValue:"Navigate to {}" parameterizedStepValue:"Navigate to <url>" parameters:"url" > > 
09:01:58.589 Api Request Received: messageType:GetStepValueRequest messageId:4 stepValueRequest:<stepText:"Go to Gauge Get Started Page" hasInlineTable:false > 
09:01:58.589 Sending API response: messageType:GetStepValueResponse messageId:4 stepValueResponse:<stepValue:<stepValue:"Go to Gauge Get Started Page" parameterizedStepValue:"Go to Gauge Get Started Page" > > 
09:01:58.602 Api Request Received: messageType:GetStepValueRequest messageId:4 stepValueRequest:<stepText:"Go to Gauge Documentation" hasInlineTable:false > 
09:01:58.602 Sending API response: messageType:GetStepValueResponse messageId:4 stepValueResponse:<stepValue:<stepValue:"Go to Gauge Documentation" parameterizedStepValue:"Go to Gauge Documentation" > > 
09:01:58.603 Api Request Received: messageType:GetStepValueRequest messageId:4 stepValueRequest:<stepText:"Navigate to <url>" hasInlineTable:false > 
09:01:58.603 Sending API response: messageType:GetStepValueResponse messageId:4 stepValueResponse:<stepValue:<stepValue:"Navigate to {}" parameterizedStepValue:"Navigate to <url>" parameters:"url" > > 
09:04:52.272 Api Request Received: messageType:GetStepValueRequest messageId:4 stepValueRequest:<stepText:"Go to Gauge Get Started Page" hasInlineTable:false > 
09:04:52.273 Sending API response: messageType:GetStepValueResponse messageId:4 stepValueResponse:<stepValue:<stepValue:"Go to Gauge Get Started Page" parameterizedStepValue:"Go to Gauge Get Started Page" > > 
09:04:52.281 Api Request Received: messageType:GetStepValueRequest messageId:4 stepValueRequest:<stepText:"Go to Gauge Documentation" hasInlineTable:false > 
09:04:52.281 Sending API response: messageType:GetStepValueResponse messageId:4 stepValueResponse:<stepValue:<stepValue:"Go to Gauge Documentation" parameterizedStepValue:"Go to Gauge Documentation" > > 
09:04:52.281 Api Request Received: messageType:GetStepValueRequest messageId:4 stepValueRequest:<stepText:"Navigate to <url>" hasInlineTable:false > 
09:04:52.282 Sending API response: messageType:GetStepValueResponse messageId:4 stepValueResponse:<stepValue:<stepValue:"Navigate to {}" parameterizedStepValue:"Navigate to <url>" parameters:"url" > > 
09:13:12.053 Api Request Received: messageType:GetStepValueRequest messageId:4 stepValueRequest:<stepText:"Go to Gauge Get Started Page" hasInlineTable:false > 
09:13:12.053 Sending API response: messageType:GetStepValueResponse messageId:4 stepValueResponse:<stepValue:<stepValue:"Go to Gauge Get Started Page" parameterizedStepValue:"Go to Gauge Get Started Page" > > 
09:13:12.063 Api Request Received: messageType:GetStepValueRequest messageId:4 stepValueRequest:<stepText:"Go to Gauge Documentation" hasInlineTable:false > 
09:13:12.063 Sending API response: messageType:GetStepValueResponse messageId:4 stepValueResponse:<stepValue:<stepValue:"Go to Gauge Documentation" parameterizedStepValue:"Go to Gauge Documentation" > > 
09:13:12.064 Api Request Received: messageType:GetStepValueRequest messageId:4 stepValueRequest:<stepText:"Navigate to <url>" hasInlineTable:false > 
09:13:12.065 Sending API response: messageType:GetStepValueResponse messageId:4 stepValueResponse:<stepValue:<stepValue:"Navigate to {}" parameterizedStepValue:"Navigate to <url>" parameters:"url" > > 
09:14:19.012 Api Request Received: messageType:GetStepValueRequest messageId:4 stepValueRequest:<stepText:"Go to Step alias" hasInlineTable:false > 
09:14:19.012 Sending API response: messageType:GetStepValueResponse messageId:4 stepValueResponse:<stepValue:<stepValue:"Go to Step alias" parameterizedStepValue:"Go to Step alias" > > 
09:14:19.022 Api Request Received: messageType:GetStepValueRequest messageId:4 stepValueRequest:<stepText:"Go to Gauge Get Started Page" hasInlineTable:false > 
09:14:19.023 Sending API response: messageType:GetStepValueResponse messageId:4 stepValueResponse:<stepValue:<stepValue:"Go to Gauge Get Started Page" parameterizedStepValue:"Go to Gauge Get Started Page" > > 
09:14:19.024 Api Request Received: messageType:GetStepValueRequest messageId:4 stepValueRequest:<stepText:"Go to Gauge Documentation" hasInlineTable:false > 
09:14:19.024 Sending API response: messageType:GetStepValueResponse messageId:4 stepValueResponse:<stepValue:<stepValue:"Go to Gauge Documentation" parameterizedStepValue:"Go to Gauge Documentation" > > 
09:14:19.025 Api Request Received: messageType:GetStepValueRequest messageId:4 stepValueRequest:<stepText:"Navigate to <url>" hasInlineTable:false > 
09:14:19.025 Sending API response: messageType:GetStepValueResponse messageId:4 stepValueResponse:<stepValue:<stepValue:"Navigate to {}" parameterizedStepValue:"Navigate to <url>" parameters:"url" > > 
09:20:24.935 Api Request Received: messageType:GetStepValueRequest messageId:4 stepValueRequest:<stepText:"Go to Step Alias Page" hasInlineTable:false > 
09:20:24.935 Sending API response: messageType:GetStepValueResponse messageId:4 stepValueResponse:<stepValue:<stepValue:"Go to Step Alias Page" parameterizedStepValue:"Go to Step Alias Page" > > 
09:20:24.946 Api Request Received: messageType:GetStepValueRequest messageId:4 stepValueRequest:<stepText:"Go to Gauge Get Started Page" hasInlineTable:false > 
09:20:24.946 Sending API response: messageType:GetStepValueResponse messageId:4 stepValueResponse:<stepValue:<stepValue:"Go to Gauge Get Started Page" parameterizedStepValue:"Go to Gauge Get Started Page" > > 
09:20:24.947 Api Request Received: messageType:GetStepValueRequest messageId:4 stepValueRequest:<stepText:"Go to Gauge Documentation" hasInlineTable:false > 
09:20:24.947 Sending API response: messageType:GetStepValueResponse messageId:4 stepValueResponse:<stepValue:<stepValue:"Go to Gauge Documentation" parameterizedStepValue:"Go to Gauge Documentation" > > 
09:20:24.948 Api Request Received: messageType:GetStepValueRequest messageId:4 stepValueRequest:<stepText:"Is Page title <title>?" hasInlineTable:false > 
09:20:24.948 Sending API response: messageType:GetStepValueResponse messageId:4 stepValueResponse:<stepValue:<stepValue:"Is Page title {}?" parameterizedStepValue:"Is Page title <title>?" parameters:"title" > > 
09:20:24.949 Api Request Received: messageType:GetStepValueRequest messageId:4 stepValueRequest:<stepText:"Navigate to <url>" hasInlineTable:false > 
09:20:24.949 Sending API response: messageType:GetStepValueResponse messageId:4 stepValueResponse:<stepValue:<stepValue:"Navigate to {}" parameterizedStepValue:"Navigate to <url>" parameters:"url" > > 
09:22:21.739 Api Request Received: messageType:GetStepValueRequest messageId:4 stepValueRequest:<stepText:"Go to Step Alias Page" hasInlineTable:false > 
09:22:21.740 Sending API response: messageType:GetStepValueResponse messageId:4 stepValueResponse:<stepValue:<stepValue:"Go to Step Alias Page" parameterizedStepValue:"Go to Step Alias Page" > > 
09:22:21.745 Api Request Received: messageType:GetStepValueRequest messageId:4 stepValueRequest:<stepText:"Go to Gauge Get Started Page" hasInlineTable:false > 
09:22:21.746 Sending API response: messageType:GetStepValueResponse messageId:4 stepValueResponse:<stepValue:<stepValue:"Go to Gauge Get Started Page" parameterizedStepValue:"Go to Gauge Get Started Page" > > 
09:22:21.746 Api Request Received: messageType:GetStepValueRequest messageId:4 stepValueRequest:<stepText:"Go to Gauge Documentation" hasInlineTable:false > 
09:22:21.746 Sending API response: messageType:GetStepValueResponse messageId:4 stepValueResponse:<stepValue:<stepValue:"Go to Gauge Documentation" parameterizedStepValue:"Go to Gauge Documentation" > > 
09:22:21.747 Api Request Received: messageType:GetStepValueRequest messageId:4 stepValueRequest:<stepText:"Is Page title <title>?" hasInlineTable:false > 
09:22:21.747 Sending API response: messageType:GetStepValueResponse messageId:4 stepValueResponse:<stepValue:<stepValue:"Is Page title {}?" parameterizedStepValue:"Is Page title <title>?" parameters:"title" > > 
09:22:21.747 Api Request Received: messageType:GetStepValueRequest messageId:4 stepValueRequest:<stepText:"Navigate to <url>" hasInlineTable:false > 
09:22:21.747 Sending API response: messageType:GetStepValueResponse messageId:4 stepValueResponse:<stepValue:<stepValue:"Navigate to {}" parameterizedStepValue:"Navigate to <url>" parameters:"url" > > 
10:40:14.350 Api Request Received: messageType:GetStepValueRequest messageId:4 stepValueRequest:<stepText:"Go to Step Alias Page" hasInlineTable:false > 
10:40:14.351 Sending API response: messageType:GetStepValueResponse messageId:4 stepValueResponse:<stepValue:<stepValue:"Go to Step Alias Page" parameterizedStepValue:"Go to Step Alias Page" > > 
10:40:14.359 Api Request Received: messageType:GetStepValueRequest messageId:4 stepValueRequest:<stepText:"Go to Gauge Get Started Page" hasInlineTable:false > 
10:40:14.360 Sending API response: messageType:GetStepValueResponse messageId:4 stepValueResponse:<stepValue:<stepValue:"Go to Gauge Get Started Page" parameterizedStepValue:"Go to Gauge Get Started Page" > > 
10:40:14.360 Api Request Received: messageType:GetStepValueRequest messageId:4 stepValueRequest:<stepText:"Go to Gauge Documentation" hasInlineTable:false > 
10:40:14.361 Sending API response: messageType:GetStepValueResponse messageId:4 stepValueResponse:<stepValue:<stepValue:"Go to Gauge Documentation" parameterizedStepValue:"Go to Gauge Documentation" > > 
10:40:14.361 Api Request Received: messageType:GetStepValueRequest messageId:4 stepValueRequest:<stepText:"Is Page title <title>?" hasInlineTable:false > 
10:40:14.361 Sending API response: messageType:GetStepValueResponse messageId:4 stepValueResponse:<stepValue:<stepValue:"Is Page title {}?" parameterizedStepValue:"Is Page title <title>?" parameters:"title" > > 
10:40:14.362 Api Request Received: messageType:GetStepValueRequest messageId:4 stepValueRequest:<stepText:"Navigate to <url>" hasInlineTable:false > 
10:40:14.362 Sending API response: messageType:GetStepValueResponse messageId:4 stepValueResponse:<stepValue:<stepValue:"Navigate to {}" parameterizedStepValue:"Navigate to <url>" parameters:"url" > > 
09:30:08.780 Api Request Received: messageType:GetStepValueRequest messageId:4 stepValueRequest:<stepText:"Go to Step Alias Page" hasInlineTable:false > 
09:30:08.780 Sending API response: messageType:GetStepValueResponse messageId:4 stepValueResponse:<stepValue:<stepValue:"Go to Step Alias Page" parameterizedStepValue:"Go to Step Alias Page" > > 
09:30:08.789 Api Request Received: messageType:GetStepValueRequest messageId:4 stepValueRequest:<stepText:"Go to Gauge Get Started Page" hasInlineTable:false > 
09:30:08.793 Sending API response: messageType:GetStepValueResponse messageId:4 stepValueResponse:<stepValue:<stepValue:"Go to Gauge Get Started Page" parameterizedStepValue:"Go to Gauge Get Started Page" > > 
09:30:08.794 Api Request Received: messageType:GetStepValueRequest messageId:4 stepValueRequest:<stepText:"Go to Gauge Documentation" hasInlineTable:false > 
09:30:08.794 Sending API response: messageType:GetStepValueResponse messageId:4 stepValueResponse:<stepValue:<stepValue:"Go to Gauge Documentation" parameterizedStepValue:"Go to Gauge Documentation" > > 
09:30:08.796 Api Request Received: messageType:GetStepValueRequest messageId:4 stepValueRequest:<stepText:"Is Page title <title>?" hasInlineTable:false > 
09:30:08.796 Sending API response: messageType:GetStepValueResponse messageId:4 stepValueResponse:<stepValue:<stepValue:"Is Page title {}?" parameterizedStepValue:"Is Page title <title>?" parameters:"title" > > 
09:30:08.797 Api Request Received: messageType:GetStepValueRequest messageId:4 stepValueRequest:<stepText:"Navigate to <url>" hasInlineTable:false > 
09:30:08.797 Sending API response: messageType:GetStepValueResponse messageId:4 stepValueResponse:<stepValue:<stepValue:"Navigate to {}" parameterizedStepValue:"Navigate to <url>" parameters:"url" > > 
09:30:38.043 Api Request Received: messageType:GetStepValueRequest messageId:4 stepValueRequest:<stepText:"Go to Step Alias Page" hasInlineTable:false > 
09:30:38.044 Sending API response: messageType:GetStepValueResponse messageId:4 stepValueResponse:<stepValue:<stepValue:"Go to Step Alias Page" parameterizedStepValue:"Go to Step Alias Page" > > 
09:30:38.051 Api Request Received: messageType:GetStepValueRequest messageId:4 stepValueRequest:<stepText:"Go to Gauge Get Started Page" hasInlineTable:false > 
09:30:38.051 Sending API response: messageType:GetStepValueResponse messageId:4 stepValueResponse:<stepValue:<stepValue:"Go to Gauge Get Started Page" parameterizedStepValue:"Go to Gauge Get Started Page" > > 
09:30:38.052 Api Request Received: messageType:GetStepValueRequest messageId:4 stepValueRequest:<stepText:"Go to Gauge Documentation" hasInlineTable:false > 
09:30:38.052 Sending API response: messageType:GetStepValueResponse messageId:4 stepValueResponse:<stepValue:<stepValue:"Go to Gauge Documentation" parameterizedStepValue:"Go to Gauge Documentation" > > 
09:30:38.052 Api Request Received: messageType:GetStepValueRequest messageId:4 stepValueRequest:<stepText:"Is Page title <title>?" hasInlineTable:false > 
09:30:38.053 Sending API response: messageType:GetStepValueResponse messageId:4 stepValueResponse:<stepValue:<stepValue:"Is Page title {}?" parameterizedStepValue:"Is Page title <title>?" parameters:"title" > > 
09:30:38.053 Api Request Received: messageType:GetStepValueRequest messageId:4 stepValueRequest:<stepText:"Navigate to <url>" hasInlineTable:false > 
09:30:38.054 Sending API response: messageType:GetStepValueResponse messageId:4 stepValueResponse:<stepValue:<stepValue:"Navigate to {}" parameterizedStepValue:"Navigate to <url>" parameters:"url" > > 
09:31:50.226 Api Request Received: messageType:GetStepValueRequest messageId:4 stepValueRequest:<stepText:"Go to Step Alias Page" hasInlineTable:false > 
09:31:50.226 Sending API response: messageType:GetStepValueResponse messageId:4 stepValueResponse:<stepValue:<stepValue:"Go to Step Alias Page" parameterizedStepValue:"Go to Step Alias Page" > > 
09:31:50.237 Api Request Received: messageType:GetStepValueRequest messageId:4 stepValueRequest:<stepText:"Go to Gauge Get Started Page" hasInlineTable:false > 
09:31:50.238 Sending API response: messageType:GetStepValueResponse messageId:4 stepValueResponse:<stepValue:<stepValue:"Go to Gauge Get Started Page" parameterizedStepValue:"Go to Gauge Get Started Page" > > 
09:31:50.238 Api Request Received: messageType:GetStepValueRequest messageId:4 stepValueRequest:<stepText:"Go to Gauge Documentation" hasInlineTable:false > 
09:31:50.238 Sending API response: messageType:GetStepValueResponse messageId:4 stepValueResponse:<stepValue:<stepValue:"Go to Gauge Documentation" parameterizedStepValue:"Go to Gauge Documentation" > > 
09:31:50.239 Api Request Received: messageType:GetStepValueRequest messageId:4 stepValueRequest:<stepText:"Is Page title <title>?" hasInlineTable:false > 
09:31:50.239 Sending API response: messageType:GetStepValueResponse messageId:4 stepValueResponse:<stepValue:<stepValue:"Is Page title {}?" parameterizedStepValue:"Is Page title <title>?" parameters:"title" > > 
09:31:50.240 Api Request Received: messageType:GetStepValueRequest messageId:4 stepValueRequest:<stepText:"Navigate to <url>" hasInlineTable:false > 
09:31:50.240 Sending API response: messageType:GetStepValueResponse messageId:4 stepValueResponse:<stepValue:<stepValue:"Navigate to {}" parameterizedStepValue:"Navigate to <url>" parameters:"url" > > 
